Using pre-set license
Built from '6000.1/staging' branch; Version is '6000.1.6f1 (d64b1a599cad) revision 14043930'; Using compiler version '194234433'; Build Type 'Release'
OS: 'Windows 11  (10.0.26100) 64bit Professional' Language: 'es' Physical Memory: 16252 MB
BatchMode: 1, IsHumanControllingUs: 0, StartBugReporterOnCrash: 0, Is64bit: 1, IsPro: 1
Date: 2025-06-08T20:45:48Z

COMMAND LINE ARGUMENTS:
C:\Program Files\Unity\Hub\Editor\6000.1.6f1\Editor\Unity.exe
-adb2
-batchMode
-noUpm
-name
AssetImportWorker2
-projectPath
C:/Users/Saeh_/Example
-logFile
Logs/AssetImportWorker2.log
-srvPort
53907
-job-worker-count
5
-background-job-worker-count
8
-gc-helper-count
1
-name
AssetImport
Successfully changed project path to: C:/Users/Saeh_/Example
C:/Users/Saeh_/Example
[UnityMemory] Configuration Parameters - Can be set up in boot.config
    "memorysetup-allocator-temp-initial-block-size-main=262144"
    "memorysetup-allocator-temp-initial-block-size-worker=262144"
    "memorysetup-bucket-allocator-granularity=16"
    "memorysetup-bucket-allocator-bucket-count=8"
    "memorysetup-bucket-allocator-block-size=33554432"
    "memorysetup-bucket-allocator-block-count=8"
    "memorysetup-main-allocator-block-size=16777216"
    "memorysetup-thread-allocator-block-size=16777216"
    "memorysetup-gfx-main-allocator-block-size=16777216"
    "memorysetup-gfx-thread-allocator-block-size=16777216"
    "memorysetup-cache-allocator-block-size=4194304"
    "memorysetup-typetree-allocator-block-size=2097152"
    "memorysetup-profiler-bucket-allocator-granularity=16"
    "memorysetup-profiler-bucket-allocator-bucket-count=8"
    "memorysetup-profiler-bucket-allocator-block-size=33554432"
    "memorysetup-profiler-bucket-allocator-block-count=8"
    "memorysetup-profiler-allocator-block-size=16777216"
    "memorysetup-profiler-editor-allocator-block-size=1048576"
    "memorysetup-temp-allocator-size-main=16777216"
    "memorysetup-job-temp-allocator-block-size=2097152"
    "memorysetup-job-temp-allocator-block-size-background=1048576"
    "memorysetup-job-temp-allocator-reduction-small-platforms=262144"
    "memorysetup-temp-allocator-size-background-worker=32768"
    "memorysetup-temp-allocator-size-job-worker=262144"
    "memorysetup-temp-allocator-size-preload-manager=33554432"
    "memorysetup-temp-allocator-size-nav-mesh-worker=65536"
    "memorysetup-temp-allocator-size-audio-worker=65536"
    "memorysetup-temp-allocator-size-cloud-worker=32768"
    "memorysetup-temp-allocator-size-gi-baking-worker=262144"
    "memorysetup-temp-allocator-size-gi-baking-worker=262144"
    "memorysetup-temp-allocator-size-gi-baking-worker=262144"
    "memorysetup-temp-allocator-size-gi-baking-worker=262144"
    "memorysetup-temp-allocator-size-gi-baking-worker=262144"
    "memorysetup-temp-allocator-size-gfx=262144"
Player connection [24444]  Target information:

Player connection [24444]  * "[IP] 192.168.1.105 [Port] 0 [Flags] 2 [Guid] 323671886 [EditorId] 323671886 [Version] 1048832 [Id] WindowsEditor(7,Saeh) [Debug] 1 [PackageName] WindowsEditor [ProjectName] Editor" 

Player connection [24444] Host joined multi-casting on [225.0.0.222:54997]...
Player connection [24444] Host joined alternative multi-casting on [225.0.0.222:34997]...
JobSystem: Creating JobQueue using job-worker-count value 5
Input System module state changed to: Initialized.
[Physics::Module] Initialized fallback backend.
[Physics::Module] Id: 0xdecafbad
Library Redirect Path: Library/
[Physics::Module] Selected backend.
[Physics::Module] Name: PhysX
[Physics::Module] Id: 0xf2b8ea05
[Physics::Module] SDK Version: 4.1.2
[Physics::Module] Integration Version: 1.0.0
[Physics::Module] Threading Mode: Multi-Threaded
Refreshing native plugins compatible for Editor in 2.97 ms, found 3 plugins.
Preloading 0 native plugins for Editor in 0.00 ms.
Initialize engine version: 6000.1.6f1 (d64b1a599cad)
[Subsystems] Discovering subsystems at path C:/Program Files/Unity/Hub/Editor/6000.1.6f1/Editor/Data/Resources/UnitySubsystems
[Subsystems] Discovering subsystems at path C:/Users/Saeh_/Example/Assets
GfxDevice: creating device client; kGfxThreadingModeNonThreaded
Direct3D:
    Version:         Direct3D 12 [level 12.1]
    Renderer:        AMD Radeon RX 5500 XT (ID=0x7340)
    Vendor:          ATI
    VRAM:            8151 MB
    App VRAM Budget: 7383 MB
    Driver:          32.0.21013.1000
Initialize mono
Mono path[0] = 'C:/Program Files/Unity/Hub/Editor/6000.1.6f1/Editor/Data/Managed'
Mono path[1] = 'C:/Program Files/Unity/Hub/Editor/6000.1.6f1/Editor/Data/MonoBleedingEdge/lib/mono/unityjit-win32'
Mono config path = 'C:/Program Files/Unity/Hub/Editor/6000.1.6f1/Editor/Data/MonoBleedingEdge/etc'
Using monoOptions --debugger-agent=transport=dt_socket,embedding=1,server=y,suspend=n,address=127.0.0.1:56396
Begin MonoManager ReloadAssembly
Registering precompiled unity dll's ...
Register platform support module: C:/Program Files/Unity/Hub/Editor/6000.1.6f1/Editor/Data/PlaybackEngines/WebGLSupport/UnityEditor.WebGL.Extensions.dll
Register platform support module: C:/Program Files/Unity/Hub/Editor/6000.1.6f1/Editor/Data/PlaybackEngines/WindowsStandaloneSupport/UnityEditor.WindowsStandalone.Extensions.dll
Registered in 0.002471 seconds.
- Loaded All Assemblies, in  0.407 seconds
Native extension for WindowsStandalone target not found
Native extension for WebGL target not found
Mono: successfully reloaded assembly
- Finished resetting the current domain, in  0.298 seconds
Domain Reload Profiling: 702ms
	BeginReloadAssembly (164ms)
		ExecutionOrderSort (0ms)
		DisableScriptedObjects (0ms)
		BackupInstance (0ms)
		ReleaseScriptingObjects (0ms)
		CreateAndSetChildDomain (1ms)
	RebuildCommonClasses (38ms)
	RebuildNativeTypeToScriptingClass (10ms)
	initialDomainReloadingComplete (48ms)
	LoadAllAssembliesAndSetupDomain (143ms)
		LoadAssemblies (160ms)
		RebuildTransferFunctionScriptingTraits (0ms)
		AnalyzeDomain (140ms)
			TypeCache.Refresh (139ms)
				TypeCache.ScanAssembly (128ms)
			BuildScriptInfoCaches (0ms)
			ResolveRequiredComponents (0ms)
	FinalizeReload (299ms)
		ReleaseScriptCaches (0ms)
		RebuildScriptCaches (0ms)
		SetupLoadedEditorAssemblies (261ms)
			LogAssemblyErrors (0ms)
			InitializePlatformSupportModulesInManaged (49ms)
			SetLoadedEditorAssemblies (3ms)
			BeforeProcessingInitializeOnLoad (51ms)
			ProcessInitializeOnLoadAttributes (110ms)
			ProcessInitializeOnLoadMethodAttributes (48ms)
			AfterProcessingInitializeOnLoad (0ms)
			EditorAssembliesLoaded (0ms)
		ExecutionOrderSort2 (0ms)
		AwakeInstancesAfterBackupRestoration (0ms)
========================================================================
Worker process is ready to serve import requests
Import Worker Mode flag is 0x00
Begin MonoManager ReloadAssembly
- Loaded All Assemblies, in  0.593 seconds
Refreshing native plugins compatible for Editor in 1.18 ms, found 3 plugins.
Native extension for WindowsStandalone target not found
Native extension for WebGL target not found
Mono: successfully reloaded assembly
- Finished resetting the current domain, in  0.489 seconds
Domain Reload Profiling: 1079ms
	BeginReloadAssembly (166ms)
		ExecutionOrderSort (0ms)
		DisableScriptedObjects (6ms)
		BackupInstance (0ms)
		ReleaseScriptingObjects (0ms)
		CreateAndSetChildDomain (31ms)
	RebuildCommonClasses (35ms)
	RebuildNativeTypeToScriptingClass (10ms)
	initialDomainReloadingComplete (37ms)
	LoadAllAssembliesAndSetupDomain (342ms)
		LoadAssemblies (273ms)
		RebuildTransferFunctionScriptingTraits (0ms)
		AnalyzeDomain (160ms)
			TypeCache.Refresh (130ms)
				TypeCache.ScanAssembly (120ms)
			BuildScriptInfoCaches (23ms)
			ResolveRequiredComponents (4ms)
	FinalizeReload (490ms)
		ReleaseScriptCaches (0ms)
		RebuildScriptCaches (0ms)
		SetupLoadedEditorAssemblies (393ms)
			LogAssemblyErrors (0ms)
			InitializePlatformSupportModulesInManaged (2ms)
			SetLoadedEditorAssemblies (3ms)
			BeforeProcessingInitializeOnLoad (84ms)
			ProcessInitializeOnLoadAttributes (272ms)
			ProcessInitializeOnLoadMethodAttributes (24ms)
			AfterProcessingInitializeOnLoad (7ms)
			EditorAssembliesLoaded (0ms)
		ExecutionOrderSort2 (0ms)
		AwakeInstancesAfterBackupRestoration (6ms)
Launched and connected shader compiler UnityShaderCompiler.exe after 0.02 seconds
Refreshing native plugins compatible for Editor in 1.17 ms, found 3 plugins.
Preloading 0 native plugins for Editor in 0.00 ms.
Unloading 8 Unused Serialized files (Serialized files now loaded: 0)
Unloading 3719 unused Assets / (1.3 MB). Loaded Objects now: 4208.
Memory consumption went from 82.8 MB to 81.4 MB.
Total: 6.068900 ms (FindLiveObjects: 0.344800 ms CreateObjectMapping: 0.401700 ms MarkObjects: 4.136500 ms  DeleteObjects: 1.183000 ms)

========================================================================
Received Import Request.
  Time since last request: 3930.900620 seconds.
  path: Assets/Character/Nightshade J Friedrich@Left Turn W_ Briefcase.fbx
  artifactKey: Guid(d0a5f4cc1a965de479ba1708a88560e0) Importer(815301076,1909f56bfc062723c751e8b465ee728b)
Start importing Assets/Character/Nightshade J Friedrich@Left Turn W_ Briefcase.fbx using Guid(d0a5f4cc1a965de479ba1708a88560e0) Importer(815301076,1909f56bfc062723c751e8b465ee728b) (PreviewImporter) -> (artifact id: 'a51e7e0b8fba476f9b0c71edaba0639d') in 0.5078437 seconds
Number of updated asset objects reloaded before import = 0Number of asset objects unloaded after import = 148

========================================================================
Received Import Request.
  Time since last request: 83.725299 seconds.
  path: Assets/Character/Nightshade J Friedrich.fbx
  artifactKey: Guid(ba75bba85bf81e440bd37ddf773447f0) Importer(815301076,1909f56bfc062723c751e8b465ee728b)
Start importing Assets/Character/Nightshade J Friedrich.fbx using Guid(ba75bba85bf81e440bd37ddf773447f0) Importer(815301076,1909f56bfc062723c751e8b465ee728b) (PreviewImporter) -> (artifact id: '9392276bee19e06c79d62a098346b673') in 0.0407622 seconds
Number of updated asset objects reloaded before import = 0Number of asset objects unloaded after import = 146

========================================================================
Received Import Request.
  Time since last request: 25.770456 seconds.
  path: Assets/Character/Nightshade J Friedrich.fbx
  artifactKey: Guid(ba75bba85bf81e440bd37ddf773447f0) Importer(815301076,1909f56bfc062723c751e8b465ee728b)
Start importing Assets/Character/Nightshade J Friedrich.fbx using Guid(ba75bba85bf81e440bd37ddf773447f0) Importer(815301076,1909f56bfc062723c751e8b465ee728b) (PreviewImporter) -> (artifact id: 'df31b083a407c6a7da431e23b2a29965') in 0.0319828 seconds
Number of updated asset objects reloaded before import = 0Number of asset objects unloaded after import = 148

========================================================================
Received Import Request.
  Time since last request: 29.204389 seconds.
  path: Assets/Character/Nightshade J Friedrich@Left Turn W_ Briefcase.fbx
  artifactKey: Guid(d0a5f4cc1a965de479ba1708a88560e0) Importer(815301076,1909f56bfc062723c751e8b465ee728b)
Start importing Assets/Character/Nightshade J Friedrich@Left Turn W_ Briefcase.fbx using Guid(d0a5f4cc1a965de479ba1708a88560e0) Importer(815301076,1909f56bfc062723c751e8b465ee728b) (PreviewImporter) -> (artifact id: '69153900202189ad9c5c0133180b48ad') in 0.0308253 seconds
Number of updated asset objects reloaded before import = 0Number of asset objects unloaded after import = 145

========================================================================
Received Import Request.
  Time since last request: 0.000535 seconds.
  path: Assets/Character/Nightshade J Friedrich@Jump.fbx
  artifactKey: Guid(c255022f92a63a843a0f54ca092cb8b7) Importer(815301076,1909f56bfc062723c751e8b465ee728b)
Start importing Assets/Character/Nightshade J Friedrich@Jump.fbx using Guid(c255022f92a63a843a0f54ca092cb8b7) Importer(815301076,1909f56bfc062723c751e8b465ee728b) (PreviewImporter) -> (artifact id: '4877a86bea2ed0335d349c9c930026dd') in 0.038042 seconds
Number of updated asset objects reloaded before import = 0Number of asset objects unloaded after import = 145

========================================================================
Received Import Request.
  Time since last request: 0.000023 seconds.
  path: Assets/Character/Nightshade J Friedrich@Running.fbx
  artifactKey: Guid(854df383c6e1c934c82f2a18fac5164a) Importer(815301076,1909f56bfc062723c751e8b465ee728b)
Start importing Assets/Character/Nightshade J Friedrich@Running.fbx using Guid(854df383c6e1c934c82f2a18fac5164a) Importer(815301076,1909f56bfc062723c751e8b465ee728b) (PreviewImporter) -> (artifact id: '52b8ec7d7351e9ce5b0d76a9fd146977') in 0.0386432 seconds
Number of updated asset objects reloaded before import = 0Number of asset objects unloaded after import = 145

========================================================================
Received Import Request.
  Time since last request: 0.000018 seconds.
  path: Assets/Character/Nightshade J Friedrich@Unarmed Idle 01.fbx
  artifactKey: Guid(01846842e7fcf1e46a14da19d9b5a5e4) Importer(815301076,1909f56bfc062723c751e8b465ee728b)
Start importing Assets/Character/Nightshade J Friedrich@Unarmed Idle 01.fbx using Guid(01846842e7fcf1e46a14da19d9b5a5e4) Importer(815301076,1909f56bfc062723c751e8b465ee728b) (PreviewImporter) -> (artifact id: '87da406b23d94529cc0e9450bbaf22f7') in 0.0332447 seconds
Number of updated asset objects reloaded before import = 0Number of asset objects unloaded after import = 145

========================================================================
Received Import Request.
  Time since last request: 40.674873 seconds.
  path: Assets/Character/Nightshade J FriedrichAvatar.asset
  artifactKey: Guid(4ce6825b76c22d441a785f8e79aae11e) Importer(815301076,1909f56bfc062723c751e8b465ee728b)
Start importing Assets/Character/Nightshade J FriedrichAvatar.asset using Guid(4ce6825b76c22d441a785f8e79aae11e) Importer(815301076,1909f56bfc062723c751e8b465ee728b) (PreviewImporter) -> (artifact id: '20a8cfa3c19122db42ca4ff471c875fc') in 0.0021755 seconds
Number of updated asset objects reloaded before import = 0Number of asset objects unloaded after import = 1

========================================================================
Received Import Request.
  Time since last request: 26.028906 seconds.
  path: Assets/Character/Nightshade J Friedrich@Left Turn W_ Briefcase.fbx
  artifactKey: Guid(d0a5f4cc1a965de479ba1708a88560e0) Importer(815301076,1909f56bfc062723c751e8b465ee728b)
Start importing Assets/Character/Nightshade J Friedrich@Left Turn W_ Briefcase.fbx using Guid(d0a5f4cc1a965de479ba1708a88560e0) Importer(815301076,1909f56bfc062723c751e8b465ee728b) (PreviewImporter) -> (artifact id: '2d0cedea97dd820476c127ad4187a9af') in 0.0316527 seconds
Number of updated asset objects reloaded before import = 0Number of asset objects unloaded after import = 146

========================================================================
Received Import Request.
  Time since last request: 0.003202 seconds.
  path: Assets/Character/Nightshade J Friedrich@Big Jump.fbx
  artifactKey: Guid(27a15ea3337258d428ca25317b63b083) Importer(815301076,1909f56bfc062723c751e8b465ee728b)
Start importing Assets/Character/Nightshade J Friedrich@Big Jump.fbx using Guid(27a15ea3337258d428ca25317b63b083) Importer(815301076,1909f56bfc062723c751e8b465ee728b) (PreviewImporter) -> (artifact id: '587b4b43dc37f084e60c54c94d69f7c2') in 0.0348171 seconds
Number of updated asset objects reloaded before import = 0Number of asset objects unloaded after import = 146

========================================================================
Received Import Request.
  Time since last request: 0.000019 seconds.
  path: Assets/Character/Nightshade J Friedrich@Jump.fbx
  artifactKey: Guid(c255022f92a63a843a0f54ca092cb8b7) Importer(815301076,1909f56bfc062723c751e8b465ee728b)
Start importing Assets/Character/Nightshade J Friedrich@Jump.fbx using Guid(c255022f92a63a843a0f54ca092cb8b7) Importer(815301076,1909f56bfc062723c751e8b465ee728b) (PreviewImporter) -> (artifact id: '76baca6273f3673bab42a93fd08e15bb') in 0.0344493 seconds
Number of updated asset objects reloaded before import = 0Number of asset objects unloaded after import = 146

========================================================================
Received Import Request.
  Time since last request: 0.000037 seconds.
  path: Assets/Character/Nightshade J Friedrich@Running.fbx
  artifactKey: Guid(854df383c6e1c934c82f2a18fac5164a) Importer(815301076,1909f56bfc062723c751e8b465ee728b)
Start importing Assets/Character/Nightshade J Friedrich@Running.fbx using Guid(854df383c6e1c934c82f2a18fac5164a) Importer(815301076,1909f56bfc062723c751e8b465ee728b) (PreviewImporter) -> (artifact id: '00ec139d14ff419bfe01a67badb380d2') in 0.0374309 seconds
Number of updated asset objects reloaded before import = 0Number of asset objects unloaded after import = 146

========================================================================
Received Import Request.
  Time since last request: 0.000023 seconds.
  path: Assets/Character/Nightshade J Friedrich@Walking.fbx
  artifactKey: Guid(6df4e158b5afe46418bd34170cecd8bb) Importer(815301076,1909f56bfc062723c751e8b465ee728b)
Start importing Assets/Character/Nightshade J Friedrich@Walking.fbx using Guid(6df4e158b5afe46418bd34170cecd8bb) Importer(815301076,1909f56bfc062723c751e8b465ee728b) (PreviewImporter) -> (artifact id: 'ebf23510fe7aa2ab81e09910e5bd18e3') in 0.0363834 seconds
Number of updated asset objects reloaded before import = 0Number of asset objects unloaded after import = 146

========================================================================
Received Import Request.
  Time since last request: 0.000020 seconds.
  path: Assets/Character/Nightshade J Friedrich@Unarmed Idle 01.fbx
  artifactKey: Guid(01846842e7fcf1e46a14da19d9b5a5e4) Importer(815301076,1909f56bfc062723c751e8b465ee728b)
Start importing Assets/Character/Nightshade J Friedrich@Unarmed Idle 01.fbx using Guid(01846842e7fcf1e46a14da19d9b5a5e4) Importer(815301076,1909f56bfc062723c751e8b465ee728b) (PreviewImporter) -> (artifact id: '1fcfc89ea6f725ecc15e256d8266d7a2') in 0.0355664 seconds
Number of updated asset objects reloaded before import = 0Number of asset objects unloaded after import = 146

Editor requested this worker to shutdown with reason: Scaling down because of idle timeout
AssetImportWorker is now disconnected from the server
Process exiting
Exiting without the bug reporter. Application will terminate with return code 0