Using pre-set license
Built from '6000.1/staging' branch; Version is '6000.1.6f1 (d64b1a599cad) revision 14043930'; Using compiler version '194234433'; Build Type 'Release'
OS: 'Windows 11  (10.0.26100) 64bit Professional' Language: 'es' Physical Memory: 16252 MB
BatchMode: 1, IsHumanControllingUs: 0, StartBugReporterOnCrash: 0, Is64bit: 1, IsPro: 1
Date: 2025-06-08T20:50:02Z

COMMAND LINE ARGUMENTS:
C:\Program Files\Unity\Hub\Editor\6000.1.6f1\Editor\Unity.exe
-adb2
-batchMode
-noUpm
-name
AssetImportWorker4
-projectPath
C:/Users/Saeh_/Example
-logFile
Logs/AssetImportWorker4.log
-srvPort
53907
-job-worker-count
5
-background-job-worker-count
8
-gc-helper-count
1
-name
AssetImport
Successfully changed project path to: C:/Users/Saeh_/Example
C:/Users/Saeh_/Example
[UnityMemory] Configuration Parameters - Can be set up in boot.config
    "memorysetup-allocator-temp-initial-block-size-main=262144"
    "memorysetup-allocator-temp-initial-block-size-worker=262144"
    "memorysetup-bucket-allocator-granularity=16"
    "memorysetup-bucket-allocator-bucket-count=8"
    "memorysetup-bucket-allocator-block-size=33554432"
    "memorysetup-bucket-allocator-block-count=8"
    "memorysetup-main-allocator-block-size=16777216"
    "memorysetup-thread-allocator-block-size=16777216"
    "memorysetup-gfx-main-allocator-block-size=16777216"
    "memorysetup-gfx-thread-allocator-block-size=16777216"
    "memorysetup-cache-allocator-block-size=4194304"
    "memorysetup-typetree-allocator-block-size=2097152"
    "memorysetup-profiler-bucket-allocator-granularity=16"
    "memorysetup-profiler-bucket-allocator-bucket-count=8"
    "memorysetup-profiler-bucket-allocator-block-size=33554432"
    "memorysetup-profiler-bucket-allocator-block-count=8"
    "memorysetup-profiler-allocator-block-size=16777216"
    "memorysetup-profiler-editor-allocator-block-size=1048576"
    "memorysetup-temp-allocator-size-main=16777216"
    "memorysetup-job-temp-allocator-block-size=2097152"
    "memorysetup-job-temp-allocator-block-size-background=1048576"
    "memorysetup-job-temp-allocator-reduction-small-platforms=262144"
    "memorysetup-temp-allocator-size-background-worker=32768"
    "memorysetup-temp-allocator-size-job-worker=262144"
    "memorysetup-temp-allocator-size-preload-manager=33554432"
    "memorysetup-temp-allocator-size-nav-mesh-worker=65536"
    "memorysetup-temp-allocator-size-audio-worker=65536"
    "memorysetup-temp-allocator-size-cloud-worker=32768"
    "memorysetup-temp-allocator-size-gi-baking-worker=262144"
    "memorysetup-temp-allocator-size-gi-baking-worker=262144"
    "memorysetup-temp-allocator-size-gi-baking-worker=262144"
    "memorysetup-temp-allocator-size-gi-baking-worker=262144"
    "memorysetup-temp-allocator-size-gi-baking-worker=262144"
    "memorysetup-temp-allocator-size-gfx=262144"
Player connection [21304]  Target information:

Player connection [21304]  * "[IP] 192.168.1.105 [Port] 0 [Flags] 2 [Guid] 1501858958 [EditorId] 1501858958 [Version] 1048832 [Id] WindowsEditor(7,Saeh) [Debug] 1 [PackageName] WindowsEditor [ProjectName] Editor" 

Player connection [21304] Host joined multi-casting on [225.0.0.222:54997]...
Player connection [21304] Host joined alternative multi-casting on [225.0.0.222:34997]...
JobSystem: Creating JobQueue using job-worker-count value 5
Input System module state changed to: Initialized.
[Physics::Module] Initialized fallback backend.
[Physics::Module] Id: 0xdecafbad
Library Redirect Path: Library/
[Physics::Module] Selected backend.
[Physics::Module] Name: PhysX
[Physics::Module] Id: 0xf2b8ea05
[Physics::Module] SDK Version: 4.1.2
[Physics::Module] Integration Version: 1.0.0
[Physics::Module] Threading Mode: Multi-Threaded
Refreshing native plugins compatible for Editor in 2.82 ms, found 3 plugins.
Preloading 0 native plugins for Editor in 0.00 ms.
Initialize engine version: 6000.1.6f1 (d64b1a599cad)
[Subsystems] Discovering subsystems at path C:/Program Files/Unity/Hub/Editor/6000.1.6f1/Editor/Data/Resources/UnitySubsystems
[Subsystems] Discovering subsystems at path C:/Users/Saeh_/Example/Assets
GfxDevice: creating device client; kGfxThreadingModeNonThreaded
Direct3D:
    Version:         Direct3D 12 [level 12.1]
    Renderer:        AMD Radeon RX 5500 XT (ID=0x7340)
    Vendor:          ATI
    VRAM:            8151 MB
    App VRAM Budget: 7383 MB
    Driver:          32.0.21013.1000
Initialize mono
Mono path[0] = 'C:/Program Files/Unity/Hub/Editor/6000.1.6f1/Editor/Data/Managed'
Mono path[1] = 'C:/Program Files/Unity/Hub/Editor/6000.1.6f1/Editor/Data/MonoBleedingEdge/lib/mono/unityjit-win32'
Mono config path = 'C:/Program Files/Unity/Hub/Editor/6000.1.6f1/Editor/Data/MonoBleedingEdge/etc'
Using monoOptions --debugger-agent=transport=dt_socket,embedding=1,server=y,suspend=n,address=127.0.0.1:56072
Begin MonoManager ReloadAssembly
Registering precompiled unity dll's ...
Register platform support module: C:/Program Files/Unity/Hub/Editor/6000.1.6f1/Editor/Data/PlaybackEngines/WebGLSupport/UnityEditor.WebGL.Extensions.dll
Register platform support module: C:/Program Files/Unity/Hub/Editor/6000.1.6f1/Editor/Data/PlaybackEngines/WindowsStandaloneSupport/UnityEditor.WindowsStandalone.Extensions.dll
Registered in 0.002468 seconds.
- Loaded All Assemblies, in  0.340 seconds
Native extension for WindowsStandalone target not found
Native extension for WebGL target not found
Mono: successfully reloaded assembly
- Finished resetting the current domain, in  0.294 seconds
Domain Reload Profiling: 631ms
	BeginReloadAssembly (113ms)
		ExecutionOrderSort (0ms)
		DisableScriptedObjects (0ms)
		BackupInstance (0ms)
		ReleaseScriptingObjects (0ms)
		CreateAndSetChildDomain (1ms)
	RebuildCommonClasses (32ms)
	RebuildNativeTypeToScriptingClass (10ms)
	initialDomainReloadingComplete (45ms)
	LoadAllAssembliesAndSetupDomain (136ms)
		LoadAssemblies (110ms)
		RebuildTransferFunctionScriptingTraits (0ms)
		AnalyzeDomain (133ms)
			TypeCache.Refresh (132ms)
				TypeCache.ScanAssembly (120ms)
			BuildScriptInfoCaches (0ms)
			ResolveRequiredComponents (0ms)
	FinalizeReload (294ms)
		ReleaseScriptCaches (0ms)
		RebuildScriptCaches (0ms)
		SetupLoadedEditorAssemblies (258ms)
			LogAssemblyErrors (0ms)
			InitializePlatformSupportModulesInManaged (48ms)
			SetLoadedEditorAssemblies (3ms)
			BeforeProcessingInitializeOnLoad (51ms)
			ProcessInitializeOnLoadAttributes (107ms)
			ProcessInitializeOnLoadMethodAttributes (49ms)
			AfterProcessingInitializeOnLoad (0ms)
			EditorAssembliesLoaded (0ms)
		ExecutionOrderSort2 (0ms)
		AwakeInstancesAfterBackupRestoration (0ms)
========================================================================
Worker process is ready to serve import requests
Import Worker Mode flag is 0x00
Begin MonoManager ReloadAssembly
- Loaded All Assemblies, in  0.574 seconds
Refreshing native plugins compatible for Editor in 1.16 ms, found 3 plugins.
Native extension for WindowsStandalone target not found
Native extension for WebGL target not found
Mono: successfully reloaded assembly
- Finished resetting the current domain, in  0.477 seconds
Domain Reload Profiling: 1046ms
	BeginReloadAssembly (161ms)
		ExecutionOrderSort (0ms)
		DisableScriptedObjects (6ms)
		BackupInstance (0ms)
		ReleaseScriptingObjects (0ms)
		CreateAndSetChildDomain (29ms)
	RebuildCommonClasses (33ms)
	RebuildNativeTypeToScriptingClass (10ms)
	initialDomainReloadingComplete (38ms)
	LoadAllAssembliesAndSetupDomain (327ms)
		LoadAssemblies (263ms)
		RebuildTransferFunctionScriptingTraits (0ms)
		AnalyzeDomain (153ms)
			TypeCache.Refresh (124ms)
				TypeCache.ScanAssembly (113ms)
			BuildScriptInfoCaches (22ms)
			ResolveRequiredComponents (4ms)
	FinalizeReload (477ms)
		ReleaseScriptCaches (0ms)
		RebuildScriptCaches (0ms)
		SetupLoadedEditorAssemblies (380ms)
			LogAssemblyErrors (0ms)
			InitializePlatformSupportModulesInManaged (2ms)
			SetLoadedEditorAssemblies (3ms)
			BeforeProcessingInitializeOnLoad (85ms)
			ProcessInitializeOnLoadAttributes (260ms)
			ProcessInitializeOnLoadMethodAttributes (22ms)
			AfterProcessingInitializeOnLoad (7ms)
			EditorAssembliesLoaded (0ms)
		ExecutionOrderSort2 (0ms)
		AwakeInstancesAfterBackupRestoration (5ms)
Launched and connected shader compiler UnityShaderCompiler.exe after 0.01 seconds
Refreshing native plugins compatible for Editor in 1.17 ms, found 3 plugins.
Preloading 0 native plugins for Editor in 0.00 ms.
Unloading 8 Unused Serialized files (Serialized files now loaded: 0)
Unloading 3719 unused Assets / (1.3 MB). Loaded Objects now: 4208.
Memory consumption went from 82.9 MB to 81.6 MB.
Total: 6.246300 ms (FindLiveObjects: 0.412400 ms CreateObjectMapping: 0.534800 ms MarkObjects: 4.271900 ms  DeleteObjects: 1.025100 ms)

========================================================================
Received Import Request.
  Time since last request: 4254.696548 seconds.
  path: Assets/Character/Nightshade J Friedrich@Big Jump.fbx
  artifactKey: Guid(27a15ea3337258d428ca25317b63b083) Importer(815301076,1909f56bfc062723c751e8b465ee728b)
Start importing Assets/Character/Nightshade J Friedrich@Big Jump.fbx using Guid(27a15ea3337258d428ca25317b63b083) Importer(815301076,1909f56bfc062723c751e8b465ee728b) (PreviewImporter) -> (artifact id: '924c14b4ac623ba41b716560f917142f') in 0.1728847 seconds
Number of updated asset objects reloaded before import = 0Number of asset objects unloaded after import = 146

========================================================================
Received Import Request.
  Time since last request: 19.661144 seconds.
  path: Assets/Character/Nightshade J Friedrich@Idle.fbx
  artifactKey: Guid(3fda9a8689b17e249b27d292c6173c97) Importer(815301076,1909f56bfc062723c751e8b465ee728b)
Start importing Assets/Character/Nightshade J Friedrich@Idle.fbx using Guid(3fda9a8689b17e249b27d292c6173c97) Importer(815301076,1909f56bfc062723c751e8b465ee728b) (PreviewImporter) -> (artifact id: 'e90038fa2076cdb06afeda620c0e33d6') in 0.0323135 seconds
Number of updated asset objects reloaded before import = 0Number of asset objects unloaded after import = 146

========================================================================
Received Import Request.
  Time since last request: 20.308672 seconds.
  path: Assets/Character/Nightshade J Friedrich@Jump.fbx
  artifactKey: Guid(c255022f92a63a843a0f54ca092cb8b7) Importer(815301076,1909f56bfc062723c751e8b465ee728b)
Start importing Assets/Character/Nightshade J Friedrich@Jump.fbx using Guid(c255022f92a63a843a0f54ca092cb8b7) Importer(815301076,1909f56bfc062723c751e8b465ee728b) (PreviewImporter) -> (artifact id: '62b7375c95a4e8010a07f800fdac0d91') in 0.0444102 seconds
Number of updated asset objects reloaded before import = 0Number of asset objects unloaded after import = 146

========================================================================
Received Import Request.
  Time since last request: 46.044638 seconds.
  path: Assets/Character/Nightshade J Friedrich@Left Turn W_ Briefcase.fbx
  artifactKey: Guid(d0a5f4cc1a965de479ba1708a88560e0) Importer(815301076,1909f56bfc062723c751e8b465ee728b)
Start importing Assets/Character/Nightshade J Friedrich@Left Turn W_ Briefcase.fbx using Guid(d0a5f4cc1a965de479ba1708a88560e0) Importer(815301076,1909f56bfc062723c751e8b465ee728b) (PreviewImporter) -> (artifact id: 'c1836e8231c47f561df4ad2e666f8791') in 0.0345541 seconds
Number of updated asset objects reloaded before import = 0Number of asset objects unloaded after import = 146

========================================================================
Received Import Request.
  Time since last request: 30.494943 seconds.
  path: Assets/Character/Nightshade J Friedrich@Running.fbx
  artifactKey: Guid(854df383c6e1c934c82f2a18fac5164a) Importer(815301076,1909f56bfc062723c751e8b465ee728b)
Start importing Assets/Character/Nightshade J Friedrich@Running.fbx using Guid(854df383c6e1c934c82f2a18fac5164a) Importer(815301076,1909f56bfc062723c751e8b465ee728b) (PreviewImporter) -> (artifact id: 'b480c71568f9ce687464bc083d48ab36') in 0.0339334 seconds
Number of updated asset objects reloaded before import = 0Number of asset objects unloaded after import = 146

========================================================================
Received Import Request.
  Time since last request: 12.678444 seconds.
  path: Assets/Character/Nightshade J Friedrich@Unarmed Idle 01.fbx
  artifactKey: Guid(01846842e7fcf1e46a14da19d9b5a5e4) Importer(815301076,1909f56bfc062723c751e8b465ee728b)
Start importing Assets/Character/Nightshade J Friedrich@Unarmed Idle 01.fbx using Guid(01846842e7fcf1e46a14da19d9b5a5e4) Importer(815301076,1909f56bfc062723c751e8b465ee728b) (PreviewImporter) -> (artifact id: '2275cf27879d1dd3d50f906d2c1a0d94') in 0.0349758 seconds
Number of updated asset objects reloaded before import = 0Number of asset objects unloaded after import = 146

========================================================================
Received Import Request.
  Time since last request: 9.263973 seconds.
  path: Assets/Character/Nightshade J Friedrich@Walking.fbx
  artifactKey: Guid(6df4e158b5afe46418bd34170cecd8bb) Importer(815301076,1909f56bfc062723c751e8b465ee728b)
Start importing Assets/Character/Nightshade J Friedrich@Walking.fbx using Guid(6df4e158b5afe46418bd34170cecd8bb) Importer(815301076,1909f56bfc062723c751e8b465ee728b) (PreviewImporter) -> (artifact id: 'b945ad2ad4639d04f194ab9e47c50799') in 0.0314157 seconds
Number of updated asset objects reloaded before import = 0Number of asset objects unloaded after import = 146

========================================================================
Received Import Request.
  Time since last request: 3.687398 seconds.
  path: Assets/Character/Nightshade J Friedrich@Unarmed Idle 01.fbx
  artifactKey: Guid(01846842e7fcf1e46a14da19d9b5a5e4) Importer(815301076,1909f56bfc062723c751e8b465ee728b)
Start importing Assets/Character/Nightshade J Friedrich@Unarmed Idle 01.fbx using Guid(01846842e7fcf1e46a14da19d9b5a5e4) Importer(815301076,1909f56bfc062723c751e8b465ee728b) (PreviewImporter) -> (artifact id: '0c0f9fd4cb56308acfadb699298e878f') in 0.0311511 seconds
Number of updated asset objects reloaded before import = 0Number of asset objects unloaded after import = 146

========================================================================
Received Import Request.
  Time since last request: 64.301345 seconds.
  path: Assets/Material
  artifactKey: Guid(f5d293b41ced64348a8d85480515cc34) Importer(815301076,1909f56bfc062723c751e8b465ee728b)
Start importing Assets/Material using Guid(f5d293b41ced64348a8d85480515cc34) Importer(815301076,1909f56bfc062723c751e8b465ee728b) (PreviewImporter) -> (artifact id: '429d075f78e6be8524573ec15eeab88d') in 0.0004986 seconds
Number of updated asset objects reloaded before import = 0Number of asset objects unloaded after import = 0

========================================================================
Received Import Request.
  Time since last request: 8.079172 seconds.
  path: Assets/Material/Suelo.mat
  artifactKey: Guid(01a6dc400649259448528e517a618114) Importer(815301076,1909f56bfc062723c751e8b465ee728b)
Start importing Assets/Material/Suelo.mat using Guid(01a6dc400649259448528e517a618114) Importer(815301076,1909f56bfc062723c751e8b465ee728b) (PreviewImporter) -> (artifact id: '07e459dde7692ded9b346a022495c385') in 0.0226767 seconds
Number of updated asset objects reloaded before import = 0Number of asset objects unloaded after import = 1

========================================================================
Received Import Request.
  Time since last request: 672.446609 seconds.
  path: Assets/Character/Nightshade J Friedrich.fbx
  artifactKey: Guid(ba75bba85bf81e440bd37ddf773447f0) Importer(815301076,1909f56bfc062723c751e8b465ee728b)
Start importing Assets/Character/Nightshade J Friedrich.fbx using Guid(ba75bba85bf81e440bd37ddf773447f0) Importer(815301076,1909f56bfc062723c751e8b465ee728b) (PreviewImporter) -> (artifact id: 'd8d9a757f8bda6c1d0803dea3f275d84') in 0.3243972 seconds
Number of updated asset objects reloaded before import = 0Number of asset objects unloaded after import = 151

========================================================================
Received Import Request.
  Time since last request: 0.000026 seconds.
  path: Assets/Character/Nightshade J Friedrich@Jump.fbx
  artifactKey: Guid(c255022f92a63a843a0f54ca092cb8b7) Importer(815301076,1909f56bfc062723c751e8b465ee728b)
Start importing Assets/Character/Nightshade J Friedrich@Jump.fbx using Guid(c255022f92a63a843a0f54ca092cb8b7) Importer(815301076,1909f56bfc062723c751e8b465ee728b) (PreviewImporter) -> (artifact id: 'a65612fb29df5fd55704b1c7620a483c') in 0.052554 seconds
Number of updated asset objects reloaded before import = 0Number of asset objects unloaded after import = 149

========================================================================
Received Import Request.
  Time since last request: 0.000036 seconds.
  path: Assets/Character/Nightshade_normal.png
  artifactKey: Guid(0c96c78558ed49c43b62da932b0cf40f) Importer(815301076,1909f56bfc062723c751e8b465ee728b)
Start importing Assets/Character/Nightshade_normal.png using Guid(0c96c78558ed49c43b62da932b0cf40f) Importer(815301076,1909f56bfc062723c751e8b465ee728b) (PreviewImporter) -> (artifact id: 'e211f74c55810b3dd7ad1aadf6e5ec32') in 0.0311979 seconds
Number of updated asset objects reloaded before import = 0Number of asset objects unloaded after import = 2

========================================================================
Received Import Request.
  Time since last request: 0.000020 seconds.
  path: Assets/Character/Nightshade J Friedrich@Running.fbx
  artifactKey: Guid(854df383c6e1c934c82f2a18fac5164a) Importer(815301076,1909f56bfc062723c751e8b465ee728b)
Start importing Assets/Character/Nightshade J Friedrich@Running.fbx using Guid(854df383c6e1c934c82f2a18fac5164a) Importer(815301076,1909f56bfc062723c751e8b465ee728b) (PreviewImporter) -> (artifact id: '3006c1de09f0de0afbe9be66df654639') in 0.0507655 seconds
Number of updated asset objects reloaded before import = 0Number of asset objects unloaded after import = 149

========================================================================
Received Import Request.
  Time since last request: 0.000020 seconds.
  path: Assets/Character/Nightshade J Friedrich@Walking.fbx
  artifactKey: Guid(6df4e158b5afe46418bd34170cecd8bb) Importer(815301076,1909f56bfc062723c751e8b465ee728b)
Start importing Assets/Character/Nightshade J Friedrich@Walking.fbx using Guid(6df4e158b5afe46418bd34170cecd8bb) Importer(815301076,1909f56bfc062723c751e8b465ee728b) (PreviewImporter) -> (artifact id: 'c39132b76224759b59c2141b1e8e0be3') in 0.0684576 seconds
Number of updated asset objects reloaded before import = 0Number of asset objects unloaded after import = 149

========================================================================
Received Import Request.
  Time since last request: 0.000027 seconds.
  path: Assets/Character/Nightshade J Friedrich@Unarmed Idle 01.fbx
  artifactKey: Guid(01846842e7fcf1e46a14da19d9b5a5e4) Importer(815301076,1909f56bfc062723c751e8b465ee728b)
Start importing Assets/Character/Nightshade J Friedrich@Unarmed Idle 01.fbx using Guid(01846842e7fcf1e46a14da19d9b5a5e4) Importer(815301076,1909f56bfc062723c751e8b465ee728b) (PreviewImporter) -> (artifact id: '4a1904c8c4bd6e12290f4d718c392d18') in 0.0527309 seconds
Number of updated asset objects reloaded before import = 0Number of asset objects unloaded after import = 149

========================================================================
Received Import Request.
  Time since last request: 7.293959 seconds.
  path: Assets/Character/Nightshade J Friedrich.fbx
  artifactKey: Guid(ba75bba85bf81e440bd37ddf773447f0) Importer(815301076,1909f56bfc062723c751e8b465ee728b)
Start importing Assets/Character/Nightshade J Friedrich.fbx using Guid(ba75bba85bf81e440bd37ddf773447f0) Importer(815301076,1909f56bfc062723c751e8b465ee728b) (PreviewImporter) -> (artifact id: '973a82025bab3e90912acbcfa369a459') in 0.0392821 seconds
Number of updated asset objects reloaded before import = 0Number of asset objects unloaded after import = 151

========================================================================
Received Import Request.
  Time since last request: 0.004429 seconds.
  path: Assets/Character/Nightshade_MAT.mat
  artifactKey: Guid(54daa0bcd14ac1349905f8181c483956) Importer(815301076,1909f56bfc062723c751e8b465ee728b)
Start importing Assets/Character/Nightshade_MAT.mat using Guid(54daa0bcd14ac1349905f8181c483956) Importer(815301076,1909f56bfc062723c751e8b465ee728b) (PreviewImporter) -> (artifact id: '097b4c7fa90ed0975b52156393067409') in 0.0268351 seconds
Number of updated asset objects reloaded before import = 0Number of asset objects unloaded after import = 4

========================================================================
Received Import Request.
  Time since last request: 3271.606784 seconds.
  path: Assets/Character/textures-materials
  artifactKey: Guid(cbdd4bab23c59ea4b97ff948d773568c) Importer(815301076,1909f56bfc062723c751e8b465ee728b)
Start importing Assets/Character/textures-materials using Guid(cbdd4bab23c59ea4b97ff948d773568c) Importer(815301076,1909f56bfc062723c751e8b465ee728b) (PreviewImporter) -> (artifact id: '3dc15563b7c2996bb37c2bd754535cac') in 0.0026379 seconds
Number of updated asset objects reloaded before import = 0Number of asset objects unloaded after import = 0

========================================================================
Received Import Request.
  Time since last request: 79.719981 seconds.
  path: Assets/Character/Nightshade J Friedrich.fbx
  artifactKey: Guid(ba75bba85bf81e440bd37ddf773447f0) Importer(815301076,1909f56bfc062723c751e8b465ee728b)
Start importing Assets/Character/Nightshade J Friedrich.fbx using Guid(ba75bba85bf81e440bd37ddf773447f0) Importer(815301076,1909f56bfc062723c751e8b465ee728b) (PreviewImporter) -> (artifact id: 'c57121f4ce044822e27d741da6b7d505') in 0.0720047 seconds
Number of updated asset objects reloaded before import = 0Number of asset objects unloaded after import = 151

========================================================================
Received Import Request.
  Time since last request: 80.135398 seconds.
  path: Assets/Character/Movement
  artifactKey: Guid(5840b0132f9eb6e42b6ee7696f8d073c) Importer(815301076,1909f56bfc062723c751e8b465ee728b)
Start importing Assets/Character/Movement using Guid(5840b0132f9eb6e42b6ee7696f8d073c) Importer(815301076,1909f56bfc062723c751e8b465ee728b) (PreviewImporter) -> (artifact id: 'e596afdc2a620359228a0a338f1ec0e9') in 0.0005394 seconds
Number of updated asset objects reloaded before import = 0Number of asset objects unloaded after import = 0

========================================================================
Received Prepare
Refreshing native plugins compatible for Editor in 1.22 ms, found 3 plugins.
Preloading 0 native plugins for Editor in 0.00 ms.
Unloading 0 Unused Serialized files (Serialized files now loaded: 0)
Unloading 3711 unused Assets / (1.0 MB). Loaded Objects now: 4259.
Memory consumption went from 95.8 MB to 94.8 MB.
Total: 26.293200 ms (FindLiveObjects: 0.627900 ms CreateObjectMapping: 0.202900 ms MarkObjects: 24.524300 ms  DeleteObjects: 0.937200 ms)

Prepare: number of updated asset objects reloaded= 0
========================================================================
Received Import Request.
  Time since last request: 55.426087 seconds.
  path: Assets/Character/Movement/movements.cs
  artifactKey: Guid(4d7db866e5e73804a85442df988aafc8) Importer(815301076,1909f56bfc062723c751e8b465ee728b)
Start importing Assets/Character/Movement/movements.cs using Guid(4d7db866e5e73804a85442df988aafc8) Importer(815301076,1909f56bfc062723c751e8b465ee728b) (PreviewImporter) -> (artifact id: '908759c13530cfbe4ee6147c6aeab99b') in 0.0005196 seconds
Number of updated asset objects reloaded before import = 0Number of asset objects unloaded after import = 0

========================================================================
Received Prepare
Begin MonoManager ReloadAssembly
- Loaded All Assemblies, in  0.724 seconds
Refreshing native plugins compatible for Editor in 1.08 ms, found 3 plugins.
Native extension for WindowsStandalone target not found
Native extension for WebGL target not found
Mono: successfully reloaded assembly
- Finished resetting the current domain, in  0.534 seconds
Domain Reload Profiling: 1256ms
	BeginReloadAssembly (256ms)
		ExecutionOrderSort (0ms)
		DisableScriptedObjects (8ms)
		BackupInstance (0ms)
		ReleaseScriptingObjects (0ms)
		CreateAndSetChildDomain (71ms)
	RebuildCommonClasses (37ms)
	RebuildNativeTypeToScriptingClass (10ms)
	initialDomainReloadingComplete (26ms)
	LoadAllAssembliesAndSetupDomain (392ms)
		LoadAssemblies (352ms)
		RebuildTransferFunctionScriptingTraits (0ms)
		AnalyzeDomain (145ms)
			TypeCache.Refresh (7ms)
				TypeCache.ScanAssembly (0ms)
			BuildScriptInfoCaches (127ms)
			ResolveRequiredComponents (6ms)
	FinalizeReload (534ms)
		ReleaseScriptCaches (0ms)
		RebuildScriptCaches (0ms)
		SetupLoadedEditorAssemblies (427ms)
			LogAssemblyErrors (0ms)
			InitializePlatformSupportModulesInManaged (2ms)
			SetLoadedEditorAssemblies (5ms)
			BeforeProcessingInitializeOnLoad (84ms)
			ProcessInitializeOnLoadAttributes (306ms)
			ProcessInitializeOnLoadMethodAttributes (25ms)
			AfterProcessingInitializeOnLoad (6ms)
			EditorAssembliesLoaded (0ms)
		ExecutionOrderSort2 (0ms)
		AwakeInstancesAfterBackupRestoration (5ms)
Refreshing native plugins compatible for Editor in 1.62 ms, found 3 plugins.
Preloading 0 native plugins for Editor in 0.00 ms.
Unloading 1 Unused Serialized files (Serialized files now loaded: 0)
Unloading 3718 unused Assets / (1.3 MB). Loaded Objects now: 4259.
Memory consumption went from 97.0 MB to 95.7 MB.
Total: 6.430800 ms (FindLiveObjects: 0.351300 ms CreateObjectMapping: 0.414800 ms MarkObjects: 4.327500 ms  DeleteObjects: 1.336600 ms)

Prepare: number of updated asset objects reloaded= 0
========================================================================
Received Import Request.
  Time since last request: 7.717815 seconds.
  path: Assets/Character/Movement/movements.cs
  artifactKey: Guid(4d7db866e5e73804a85442df988aafc8) Importer(815301076,1909f56bfc062723c751e8b465ee728b)
Start importing Assets/Character/Movement/movements.cs using Guid(4d7db866e5e73804a85442df988aafc8) Importer(815301076,1909f56bfc062723c751e8b465ee728b) (PreviewImporter) -> (artifact id: '961a7fabc578ddd56c91972a6fed969a') in 0.001308 seconds
Number of updated asset objects reloaded before import = 0Number of asset objects unloaded after import = 0

========================================================================
Received Prepare
Refreshing native plugins compatible for Editor in 1.36 ms, found 3 plugins.
Preloading 0 native plugins for Editor in 0.00 ms.
Unloading 0 Unused Serialized files (Serialized files now loaded: 0)
Unloading 3711 unused Assets / (0.9 MB). Loaded Objects now: 4259.
Memory consumption went from 97.1 MB to 96.2 MB.
Total: 5.524900 ms (FindLiveObjects: 0.347900 ms CreateObjectMapping: 0.170500 ms MarkObjects: 4.085000 ms  DeleteObjects: 0.920400 ms)

Prepare: number of updated asset objects reloaded= 0
========================================================================
Received Import Request.
  Time since last request: 7.119769 seconds.
  path: Assets/Character/Movement/character.cs
  artifactKey: Guid(4d7db866e5e73804a85442df988aafc8) Importer(815301076,1909f56bfc062723c751e8b465ee728b)
Start importing Assets/Character/Movement/character.cs using Guid(4d7db866e5e73804a85442df988aafc8) Importer(815301076,1909f56bfc062723c751e8b465ee728b) (PreviewImporter) -> (artifact id: '03c621dae8780b18467099b1ba3bf5fd') in 0.0006181 seconds
Number of updated asset objects reloaded before import = 0Number of asset objects unloaded after import = 0

========================================================================
Received Prepare
Begin MonoManager ReloadAssembly
- Loaded All Assemblies, in  0.573 seconds
Refreshing native plugins compatible for Editor in 1.23 ms, found 3 plugins.
Native extension for WindowsStandalone target not found
Native extension for WebGL target not found
Mono: successfully reloaded assembly
- Finished resetting the current domain, in  0.546 seconds
Domain Reload Profiling: 1117ms
	BeginReloadAssembly (185ms)
		ExecutionOrderSort (0ms)
		DisableScriptedObjects (5ms)
		BackupInstance (0ms)
		ReleaseScriptingObjects (0ms)
		CreateAndSetChildDomain (44ms)
	RebuildCommonClasses (39ms)
	RebuildNativeTypeToScriptingClass (10ms)
	initialDomainReloadingComplete (25ms)
	LoadAllAssembliesAndSetupDomain (312ms)
		LoadAssemblies (281ms)
		RebuildTransferFunctionScriptingTraits (0ms)
		AnalyzeDomain (123ms)
			TypeCache.Refresh (6ms)
				TypeCache.ScanAssembly (0ms)
			BuildScriptInfoCaches (111ms)
			ResolveRequiredComponents (4ms)
	FinalizeReload (546ms)
		ReleaseScriptCaches (0ms)
		RebuildScriptCaches (0ms)
		SetupLoadedEditorAssemblies (424ms)
			LogAssemblyErrors (0ms)
			InitializePlatformSupportModulesInManaged (3ms)
			SetLoadedEditorAssemblies (4ms)
			BeforeProcessingInitializeOnLoad (104ms)
			ProcessInitializeOnLoadAttributes (283ms)
			ProcessInitializeOnLoadMethodAttributes (24ms)
			AfterProcessingInitializeOnLoad (6ms)
			EditorAssembliesLoaded (0ms)
		ExecutionOrderSort2 (0ms)
		AwakeInstancesAfterBackupRestoration (6ms)
Refreshing native plugins compatible for Editor in 1.19 ms, found 3 plugins.
Preloading 0 native plugins for Editor in 0.00 ms.
Unloading 0 Unused Serialized files (Serialized files now loaded: 0)
Unloading 3718 unused Assets / (1.1 MB). Loaded Objects now: 4259.
Memory consumption went from 96.9 MB to 95.9 MB.
Total: 6.905600 ms (FindLiveObjects: 0.388600 ms CreateObjectMapping: 0.459300 ms MarkObjects: 5.032800 ms  DeleteObjects: 1.024000 ms)

Prepare: number of updated asset objects reloaded= 0
========================================================================
Received Prepare
Refreshing native plugins compatible for Editor in 1.65 ms, found 3 plugins.
Preloading 0 native plugins for Editor in 0.00 ms.
Unloading 0 Unused Serialized files (Serialized files now loaded: 0)
Unloading 3711 unused Assets / (0.8 MB). Loaded Objects now: 4259.
Memory consumption went from 97.3 MB to 96.4 MB.
Total: 8.048800 ms (FindLiveObjects: 0.392000 ms CreateObjectMapping: 0.209400 ms MarkObjects: 6.160600 ms  DeleteObjects: 1.285300 ms)

Prepare: number of updated asset objects reloaded= 0
========================================================================
Received Import Request.
  Time since last request: 613.255298 seconds.
  path: Assets/Character/Movement/character.cs
  artifactKey: Guid(4d7db866e5e73804a85442df988aafc8) Importer(815301076,1909f56bfc062723c751e8b465ee728b)
Start importing Assets/Character/Movement/character.cs using Guid(4d7db866e5e73804a85442df988aafc8) Importer(815301076,1909f56bfc062723c751e8b465ee728b) (PreviewImporter) -> (artifact id: 'dfeb6a11bc001912dca2ccedd9138027') in 0.002656 seconds
Number of updated asset objects reloaded before import = 0Number of asset objects unloaded after import = 0

========================================================================
Received Prepare
Refreshing native plugins compatible for Editor in 1.74 ms, found 3 plugins.
Preloading 0 native plugins for Editor in 0.00 ms.
Unloading 0 Unused Serialized files (Serialized files now loaded: 0)
Unloading 3711 unused Assets / (1.0 MB). Loaded Objects now: 4259.
Memory consumption went from 97.1 MB to 96.1 MB.
Total: 7.075800 ms (FindLiveObjects: 0.491200 ms CreateObjectMapping: 0.488600 ms MarkObjects: 4.750900 ms  DeleteObjects: 1.344000 ms)

Prepare: number of updated asset objects reloaded= 0
========================================================================
Received Import Request.
  Time since last request: 86.851733 seconds.
  path: Assets/Character/Movement/character.cs
  artifactKey: Guid(4d7db866e5e73804a85442df988aafc8) Importer(815301076,1909f56bfc062723c751e8b465ee728b)
Start importing Assets/Character/Movement/character.cs using Guid(4d7db866e5e73804a85442df988aafc8) Importer(815301076,1909f56bfc062723c751e8b465ee728b) (PreviewImporter) -> (artifact id: '43472a3b462466da9fcec0514c6d0867') in 0.0009749 seconds
Number of updated asset objects reloaded before import = 0Number of asset objects unloaded after import = 0

========================================================================
Received Prepare
Refreshing native plugins compatible for Editor in 1.19 ms, found 3 plugins.
Preloading 0 native plugins for Editor in 0.00 ms.
Unloading 0 Unused Serialized files (Serialized files now loaded: 0)
Unloading 3712 unused Assets / (1.1 MB). Loaded Objects now: 4260.
Memory consumption went from 97.1 MB to 96.0 MB.
Total: 5.373800 ms (FindLiveObjects: 0.351800 ms CreateObjectMapping: 0.388700 ms MarkObjects: 3.672700 ms  DeleteObjects: 0.959900 ms)

Prepare: number of updated asset objects reloaded= 0
========================================================================
Received Import Request.
  Time since last request: 68.194716 seconds.
  path: Assets/Character/Movement/character1.cs
  artifactKey: Guid(e690bf7731df7b0499682e4dc2f7e103) Importer(815301076,1909f56bfc062723c751e8b465ee728b)
Start importing Assets/Character/Movement/character1.cs using Guid(e690bf7731df7b0499682e4dc2f7e103) Importer(815301076,1909f56bfc062723c751e8b465ee728b) (PreviewImporter) -> (artifact id: 'dc7ab7d97e6e1e5604ab2b2214d41aa8') in 0.0007219 seconds
Number of updated asset objects reloaded before import = 0Number of asset objects unloaded after import = 0

========================================================================
Received Prepare
Refreshing native plugins compatible for Editor in 1.51 ms, found 3 plugins.
Preloading 0 native plugins for Editor in 0.00 ms.
Unloading 0 Unused Serialized files (Serialized files now loaded: 0)
Unloading 3712 unused Assets / (0.9 MB). Loaded Objects now: 4260.
Memory consumption went from 97.1 MB to 96.2 MB.
Total: 6.728600 ms (FindLiveObjects: 0.540900 ms CreateObjectMapping: 0.418700 ms MarkObjects: 4.595300 ms  DeleteObjects: 1.172300 ms)

Prepare: number of updated asset objects reloaded= 0
========================================================================
Received Import Request.
  Time since last request: 25.294021 seconds.
  path: Assets/Character/Movement/character1.cs
  artifactKey: Guid(e690bf7731df7b0499682e4dc2f7e103) Importer(815301076,1909f56bfc062723c751e8b465ee728b)
Start importing Assets/Character/Movement/character1.cs using Guid(e690bf7731df7b0499682e4dc2f7e103) Importer(815301076,1909f56bfc062723c751e8b465ee728b) (PreviewImporter) -> (artifact id: '00a8cbed9fa0a20bd7f51820b0198589') in 0.0008376 seconds
Number of updated asset objects reloaded before import = 0Number of asset objects unloaded after import = 0

========================================================================
Received Prepare
Refreshing native plugins compatible for Editor in 1.75 ms, found 3 plugins.
Preloading 0 native plugins for Editor in 0.00 ms.
Unloading 0 Unused Serialized files (Serialized files now loaded: 0)
Unloading 3711 unused Assets / (0.9 MB). Loaded Objects now: 4259.
Memory consumption went from 97.1 MB to 96.3 MB.
Total: 6.825000 ms (FindLiveObjects: 0.632400 ms CreateObjectMapping: 0.739200 ms MarkObjects: 4.454200 ms  DeleteObjects: 0.998000 ms)

Prepare: number of updated asset objects reloaded= 0
========================================================================
Received Prepare
Refreshing native plugins compatible for Editor in 1.29 ms, found 3 plugins.
Preloading 0 native plugins for Editor in 0.00 ms.
Unloading 0 Unused Serialized files (Serialized files now loaded: 0)
Unloading 3712 unused Assets / (0.9 MB). Loaded Objects now: 4260.
Memory consumption went from 97.3 MB to 96.3 MB.
Total: 5.342700 ms (FindLiveObjects: 0.369800 ms CreateObjectMapping: 0.189600 ms MarkObjects: 3.889500 ms  DeleteObjects: 0.893100 ms)

Prepare: number of updated asset objects reloaded= 0
========================================================================
Received Import Request.
  Time since last request: 69.386479 seconds.
  path: Assets/Character/Movement/character.cs
  artifactKey: Guid(4d7db866e5e73804a85442df988aafc8) Importer(815301076,1909f56bfc062723c751e8b465ee728b)
Start importing Assets/Character/Movement/character.cs using Guid(4d7db866e5e73804a85442df988aafc8) Importer(815301076,1909f56bfc062723c751e8b465ee728b) (PreviewImporter) -> (artifact id: '72344a19ef7176838a9580d05b6e6eed') in 0.0006063 seconds
Number of updated asset objects reloaded before import = 0Number of asset objects unloaded after import = 0

========================================================================
Received Prepare
Refreshing native plugins compatible for Editor in 1.69 ms, found 3 plugins.
Preloading 0 native plugins for Editor in 0.00 ms.
Unloading 0 Unused Serialized files (Serialized files now loaded: 0)
Unloading 3712 unused Assets / (1.1 MB). Loaded Objects now: 4260.
Memory consumption went from 97.1 MB to 96.0 MB.
Total: 8.717500 ms (FindLiveObjects: 0.477100 ms CreateObjectMapping: 0.468300 ms MarkObjects: 6.358600 ms  DeleteObjects: 1.412700 ms)

Prepare: number of updated asset objects reloaded= 0
========================================================================
Received Prepare
Refreshing native plugins compatible for Editor in 1.75 ms, found 3 plugins.
Preloading 0 native plugins for Editor in 0.00 ms.
Unloading 0 Unused Serialized files (Serialized files now loaded: 0)
Unloading 3712 unused Assets / (1.0 MB). Loaded Objects now: 4260.
Memory consumption went from 97.3 MB to 96.3 MB.
Total: 7.159900 ms (FindLiveObjects: 0.360600 ms CreateObjectMapping: 0.599500 ms MarkObjects: 5.001700 ms  DeleteObjects: 1.196700 ms)

Prepare: number of updated asset objects reloaded= 0
========================================================================
Received Import Request.
  Time since last request: 152.687977 seconds.
  path: Assets/Character/Movement/character.cs
  artifactKey: Guid(4d7db866e5e73804a85442df988aafc8) Importer(815301076,1909f56bfc062723c751e8b465ee728b)
Start importing Assets/Character/Movement/character.cs using Guid(4d7db866e5e73804a85442df988aafc8) Importer(815301076,1909f56bfc062723c751e8b465ee728b) (PreviewImporter) -> (artifact id: '3fbdb68866ba408a7e3bda7c237c15db') in 0.0007513 seconds
Number of updated asset objects reloaded before import = 0Number of asset objects unloaded after import = 0

========================================================================
Received Prepare
Refreshing native plugins compatible for Editor in 1.56 ms, found 3 plugins.
Preloading 0 native plugins for Editor in 0.00 ms.
Unloading 0 Unused Serialized files (Serialized files now loaded: 0)
Unloading 3712 unused Assets / (0.9 MB). Loaded Objects now: 4260.
Memory consumption went from 97.1 MB to 96.2 MB.
Total: 7.423400 ms (FindLiveObjects: 0.623300 ms CreateObjectMapping: 0.387900 ms MarkObjects: 4.952500 ms  DeleteObjects: 1.458400 ms)

Prepare: number of updated asset objects reloaded= 0
========================================================================
Received Prepare
Refreshing native plugins compatible for Editor in 1.31 ms, found 3 plugins.
Preloading 0 native plugins for Editor in 0.00 ms.
Unloading 0 Unused Serialized files (Serialized files now loaded: 0)
Unloading 3711 unused Assets / (0.9 MB). Loaded Objects now: 4259.
Memory consumption went from 97.3 MB to 96.4 MB.
Total: 8.400700 ms (FindLiveObjects: 0.466000 ms CreateObjectMapping: 0.575800 ms MarkObjects: 6.389600 ms  DeleteObjects: 0.967800 ms)

Prepare: number of updated asset objects reloaded= 0
========================================================================
Received Prepare
Begin MonoManager ReloadAssembly
- Loaded All Assemblies, in  0.553 seconds
Refreshing native plugins compatible for Editor in 1.33 ms, found 3 plugins.
Native extension for WindowsStandalone target not found
Native extension for WebGL target not found
Mono: successfully reloaded assembly
- Finished resetting the current domain, in  0.526 seconds
Domain Reload Profiling: 1078ms
	BeginReloadAssembly (178ms)
		ExecutionOrderSort (0ms)
		DisableScriptedObjects (5ms)
		BackupInstance (0ms)
		ReleaseScriptingObjects (0ms)
		CreateAndSetChildDomain (38ms)
	RebuildCommonClasses (33ms)
	RebuildNativeTypeToScriptingClass (10ms)
	initialDomainReloadingComplete (29ms)
	LoadAllAssembliesAndSetupDomain (302ms)
		LoadAssemblies (267ms)
		RebuildTransferFunctionScriptingTraits (0ms)
		AnalyzeDomain (121ms)
			TypeCache.Refresh (7ms)
				TypeCache.ScanAssembly (0ms)
			BuildScriptInfoCaches (105ms)
			ResolveRequiredComponents (5ms)
	FinalizeReload (527ms)
		ReleaseScriptCaches (0ms)
		RebuildScriptCaches (0ms)
		SetupLoadedEditorAssemblies (401ms)
			LogAssemblyErrors (0ms)
			InitializePlatformSupportModulesInManaged (4ms)
			SetLoadedEditorAssemblies (5ms)
			BeforeProcessingInitializeOnLoad (104ms)
			ProcessInitializeOnLoadAttributes (262ms)
			ProcessInitializeOnLoadMethodAttributes (21ms)
			AfterProcessingInitializeOnLoad (6ms)
			EditorAssembliesLoaded (0ms)
		ExecutionOrderSort2 (0ms)
		AwakeInstancesAfterBackupRestoration (6ms)
Refreshing native plugins compatible for Editor in 1.16 ms, found 3 plugins.
Preloading 0 native plugins for Editor in 0.00 ms.
Unloading 0 Unused Serialized files (Serialized files now loaded: 0)
Unloading 3718 unused Assets / (1.1 MB). Loaded Objects now: 4259.
Memory consumption went from 97.3 MB to 96.2 MB.
Total: 5.756600 ms (FindLiveObjects: 0.334400 ms CreateObjectMapping: 0.383200 ms MarkObjects: 4.073100 ms  DeleteObjects: 0.965400 ms)

Prepare: number of updated asset objects reloaded= 0
========================================================================
Received Prepare
Begin MonoManager ReloadAssembly
- Loaded All Assemblies, in  0.670 seconds
Refreshing native plugins compatible for Editor in 1.68 ms, found 3 plugins.
Native extension for WindowsStandalone target not found
Native extension for WebGL target not found
Mono: successfully reloaded assembly
- Finished resetting the current domain, in  0.619 seconds
Domain Reload Profiling: 1284ms
	BeginReloadAssembly (207ms)
		ExecutionOrderSort (0ms)
		DisableScriptedObjects (7ms)
		BackupInstance (0ms)
		ReleaseScriptingObjects (0ms)
		CreateAndSetChildDomain (44ms)
	RebuildCommonClasses (40ms)
	RebuildNativeTypeToScriptingClass (10ms)
	initialDomainReloadingComplete (35ms)
	LoadAllAssembliesAndSetupDomain (374ms)
		LoadAssemblies (329ms)
		RebuildTransferFunctionScriptingTraits (0ms)
		AnalyzeDomain (151ms)
			TypeCache.Refresh (7ms)
				TypeCache.ScanAssembly (0ms)
			BuildScriptInfoCaches (138ms)
			ResolveRequiredComponents (4ms)
	FinalizeReload (619ms)
		ReleaseScriptCaches (0ms)
		RebuildScriptCaches (0ms)
		SetupLoadedEditorAssemblies (488ms)
			LogAssemblyErrors (0ms)
			InitializePlatformSupportModulesInManaged (3ms)
			SetLoadedEditorAssemblies (4ms)
			BeforeProcessingInitializeOnLoad (116ms)
			ProcessInitializeOnLoadAttributes (332ms)
			ProcessInitializeOnLoadMethodAttributes (27ms)
			AfterProcessingInitializeOnLoad (7ms)
			EditorAssembliesLoaded (0ms)
		ExecutionOrderSort2 (0ms)
		AwakeInstancesAfterBackupRestoration (6ms)
Refreshing native plugins compatible for Editor in 1.42 ms, found 3 plugins.
Preloading 0 native plugins for Editor in 0.00 ms.
Unloading 0 Unused Serialized files (Serialized files now loaded: 0)
Unloading 3718 unused Assets / (1.1 MB). Loaded Objects now: 4259.
Memory consumption went from 97.5 MB to 96.4 MB.
Total: 7.276300 ms (FindLiveObjects: 0.414800 ms CreateObjectMapping: 0.517400 ms MarkObjects: 4.826300 ms  DeleteObjects: 1.516600 ms)

Prepare: number of updated asset objects reloaded= 0
========================================================================
Received Import Request.
  Time since last request: 1011.031167 seconds.
  path: Assets/Character/Movement/character.cs
  artifactKey: Guid(4d7db866e5e73804a85442df988aafc8) Importer(815301076,1909f56bfc062723c751e8b465ee728b)
Start importing Assets/Character/Movement/character.cs using Guid(4d7db866e5e73804a85442df988aafc8) Importer(815301076,1909f56bfc062723c751e8b465ee728b) (PreviewImporter) -> (artifact id: '02225ea939e80b85adc11338935dba22') in 0.0017127 seconds
Number of updated asset objects reloaded before import = 0Number of asset objects unloaded after import = 0

========================================================================
Received Prepare
Begin MonoManager ReloadAssembly
- Loaded All Assemblies, in  0.671 seconds
Refreshing native plugins compatible for Editor in 1.74 ms, found 3 plugins.
Native extension for WindowsStandalone target not found
Native extension for WebGL target not found
Mono: successfully reloaded assembly
- Finished resetting the current domain, in  0.606 seconds
Domain Reload Profiling: 1274ms
	BeginReloadAssembly (208ms)
		ExecutionOrderSort (0ms)
		DisableScriptedObjects (8ms)
		BackupInstance (0ms)
		ReleaseScriptingObjects (0ms)
		CreateAndSetChildDomain (45ms)
	RebuildCommonClasses (40ms)
	RebuildNativeTypeToScriptingClass (12ms)
	initialDomainReloadingComplete (33ms)
	LoadAllAssembliesAndSetupDomain (376ms)
		LoadAssemblies (326ms)
		RebuildTransferFunctionScriptingTraits (0ms)
		AnalyzeDomain (151ms)
			TypeCache.Refresh (7ms)
				TypeCache.ScanAssembly (0ms)
			BuildScriptInfoCaches (136ms)
			ResolveRequiredComponents (5ms)
	FinalizeReload (606ms)
		ReleaseScriptCaches (0ms)
		RebuildScriptCaches (0ms)
		SetupLoadedEditorAssemblies (475ms)
			LogAssemblyErrors (0ms)
			InitializePlatformSupportModulesInManaged (3ms)
			SetLoadedEditorAssemblies (5ms)
			BeforeProcessingInitializeOnLoad (125ms)
			ProcessInitializeOnLoadAttributes (313ms)
			ProcessInitializeOnLoadMethodAttributes (22ms)
			AfterProcessingInitializeOnLoad (6ms)
			EditorAssembliesLoaded (0ms)
		ExecutionOrderSort2 (0ms)
		AwakeInstancesAfterBackupRestoration (6ms)
Refreshing native plugins compatible for Editor in 1.32 ms, found 3 plugins.
Preloading 0 native plugins for Editor in 0.00 ms.
Unloading 0 Unused Serialized files (Serialized files now loaded: 0)
Unloading 3718 unused Assets / (1.2 MB). Loaded Objects now: 4259.
Memory consumption went from 96.9 MB to 95.7 MB.
Total: 6.827800 ms (FindLiveObjects: 0.354900 ms CreateObjectMapping: 0.399300 ms MarkObjects: 4.762600 ms  DeleteObjects: 1.310000 ms)

Prepare: number of updated asset objects reloaded= 0
========================================================================
Received Import Request.
  Time since last request: 22.105577 seconds.
  path: Assets/Character/Movement/character.cs
  artifactKey: Guid(4d7db866e5e73804a85442df988aafc8) Importer(815301076,1909f56bfc062723c751e8b465ee728b)
Start importing Assets/Character/Movement/character.cs using Guid(4d7db866e5e73804a85442df988aafc8) Importer(815301076,1909f56bfc062723c751e8b465ee728b) (PreviewImporter) -> (artifact id: '556e796071c3f9d37bb89f699dd21e1d') in 0.0021264 seconds
Number of updated asset objects reloaded before import = 0Number of asset objects unloaded after import = 0

========================================================================
Received Prepare
Begin MonoManager ReloadAssembly
- Loaded All Assemblies, in  0.545 seconds
Refreshing native plugins compatible for Editor in 1.48 ms, found 3 plugins.
Native extension for WindowsStandalone target not found
Native extension for WebGL target not found
Mono: successfully reloaded assembly
- Finished resetting the current domain, in  0.583 seconds
Domain Reload Profiling: 1124ms
	BeginReloadAssembly (172ms)
		ExecutionOrderSort (0ms)
		DisableScriptedObjects (5ms)
		BackupInstance (0ms)
		ReleaseScriptingObjects (0ms)
		CreateAndSetChildDomain (40ms)
	RebuildCommonClasses (32ms)
	RebuildNativeTypeToScriptingClass (10ms)
	initialDomainReloadingComplete (27ms)
	LoadAllAssembliesAndSetupDomain (300ms)
		LoadAssemblies (265ms)
		RebuildTransferFunctionScriptingTraits (0ms)
		AnalyzeDomain (118ms)
			TypeCache.Refresh (5ms)
				TypeCache.ScanAssembly (0ms)
			BuildScriptInfoCaches (107ms)
			ResolveRequiredComponents (4ms)
	FinalizeReload (583ms)
		ReleaseScriptCaches (0ms)
		RebuildScriptCaches (0ms)
		SetupLoadedEditorAssemblies (456ms)
			LogAssemblyErrors (0ms)
			InitializePlatformSupportModulesInManaged (4ms)
			SetLoadedEditorAssemblies (5ms)
			BeforeProcessingInitializeOnLoad (98ms)
			ProcessInitializeOnLoadAttributes (316ms)
			ProcessInitializeOnLoadMethodAttributes (26ms)
			AfterProcessingInitializeOnLoad (7ms)
			EditorAssembliesLoaded (0ms)
		ExecutionOrderSort2 (0ms)
		AwakeInstancesAfterBackupRestoration (7ms)
Refreshing native plugins compatible for Editor in 1.37 ms, found 3 plugins.
Preloading 0 native plugins for Editor in 0.00 ms.
Unloading 0 Unused Serialized files (Serialized files now loaded: 0)
Unloading 3718 unused Assets / (1.1 MB). Loaded Objects now: 4259.
Memory consumption went from 96.9 MB to 95.9 MB.
Total: 7.167900 ms (FindLiveObjects: 0.400200 ms CreateObjectMapping: 0.498200 ms MarkObjects: 5.233800 ms  DeleteObjects: 1.033800 ms)

Prepare: number of updated asset objects reloaded= 0
